<?xml version="1.0" encoding="UTF-8"?>
<testng-results ignored="0" total="1" passed="1" failed="0" skipped="0">
  <reporter-output>
  </reporter-output>
  <suite started-at="2021-12-12T11:36:27 IST" name="Default suite" finished-at="2021-12-12T11:36:33 IST" duration-ms="5467">
    <groups>
    </groups>
    <test started-at="2021-12-12T11:36:27 IST" name="Default test" finished-at="2021-12-12T11:36:33 IST" duration-ms="5467">
      <class name="week2.day2.DeleteRequest">
        <test-method signature="deleteIncident()[pri:0, instance:week2.day2.DeleteRequest@40cb8df7]" started-at="2021-12-12T11:36:27 IST" name="deleteIncident" finished-at="2021-12-12T11:36:33 IST" duration-ms="5442" status="PASS">
          <reporter-output>
          </reporter-output>
        </test-method> <!-- deleteIncident -->
      </class> <!-- week2.day2.DeleteRequest -->
    </test> <!-- Default test -->
  </suite> <!-- Default suite -->
</testng-results>
