<?xml version="1.0" encoding="UTF-8"?>
<testng-results skipped="0" failed="0" total="1" passed="1">
  <reporter-output>
  </reporter-output>
  <suite name="Default suite" duration-ms="5408" started-at="2021-12-31T17:47:58Z" finished-at="2021-12-31T17:48:03Z">
    <groups>
    </groups>
    <test name="Default test" duration-ms="5408" started-at="2021-12-31T17:47:58Z" finished-at="2021-12-31T17:48:03Z">
      <class name="week2day2.GetAllChangeRequest">
        <test-method status="PASS" signature="GetAllChangeRequest()[pri:0, instance:week2day2.GetAllChangeRequest@1ec2012]" name="GetAllChangeRequest" duration-ms="5392" started-at="2021-12-31T23:17:58Z" finished-at="2021-12-31T23:18:03Z">
          <reporter-output>
          </reporter-output>
        </test-method> <!-- GetAllChangeRequest -->
      </class> <!-- week2day2.GetAllChangeRequest -->
    </test> <!-- Default test -->
  </suite> <!-- Default suite -->
</testng-results>
