<?xml version="1.0" encoding="UTF-8"?>
<testng-results skipped="0" failed="0" total="1" passed="1">
  <reporter-output>
  </reporter-output>
  <suite name="Default suite" duration-ms="2273" started-at="2022-01-09T16:23:32Z" finished-at="2022-01-09T16:23:34Z">
    <groups>
    </groups>
    <test name="Default test" duration-ms="2273" started-at="2022-01-09T16:23:32Z" finished-at="2022-01-09T16:23:34Z">
      <class name="week5day1_Assignment_WireMock.GetAllJIRAIssue">
        <test-method status="PASS" signature="GetAllJIRAIssue()[pri:0, instance:week5day1_Assignment_WireMock.GetAllJIRAIssue@9ba398]" name="GetAllJIRAIssue" duration-ms="2264" started-at="2022-01-09T21:53:32Z" finished-at="2022-01-09T21:53:34Z">
          <reporter-output>
          </reporter-output>
        </test-method> <!-- GetAllJIRAIssue -->
      </class> <!-- week5day1_Assignment_WireMock.GetAllJIRAIssue -->
    </test> <!-- Default test -->
  </suite> <!-- Default suite -->
</testng-results>
