<?xml version="1.0" encoding="UTF-8"?>
<!-- Generated by org.testng.reporters.JUnitReportReporter -->
<testsuite hostname="LAPTOP-2OS39L3B" name="week5day1_Assignment_WireMock.CreateChangeRequest" tests="1" failures="0" timestamp="9 Jan 2022 15:37:29 GMT" time="0.000" errors="1">
  <testcase name="CreateChangeRequest" time="0.000" classname="week5day1_Assignment_WireMock.CreateChangeRequest">
    <error type="com.github.tomakehurst.wiremock.common.JsonException" message="{
  &quot;errors&quot; : [ {
    &quot;code&quot; : 10,
    &quot;source&quot; : { },
    &quot;title&quot; : &quot;Error parsing JSON&quot;,
    &quot;detail&quot; : &quot;Unexpected character (&#039;&lt;&#039; (code 60)): expected a valid value (JSON String, Number, Array, Object or token &#039;null&#039;, &#039;true&#039; or &#039;false&#039;)\n at [Source: (String)\&quot;&lt;html&gt;\n&lt;head&gt;\n&lt;meta http-equiv=\&quot;Content-Type\&quot; content=\&quot;text/html;charset=utf-8\&quot;/&gt;\n&lt;title&gt;Error 403 No valid crumb was included in the request&lt;/title&gt;\n&lt;/head&gt;\n&lt;body&gt;&lt;h2&gt;HTTP ERROR 403 No valid crumb was included in the request&lt;/h2&gt;\n&lt;table&gt;\n&lt;tr&gt;&lt;th&gt;URI:&lt;/th&gt;&lt;td&gt;/__admin/mappings&lt;/td&gt;&lt;/tr&gt;\n&lt;tr&gt;&lt;th&gt;STATUS:&lt;/th&gt;&lt;td&gt;403&lt;/td&gt;&lt;/tr&gt;\n&lt;tr&gt;&lt;th&gt;MESSAGE:&lt;/th&gt;&lt;td&gt;No valid crumb was included in the request&lt;/td&gt;&lt;/tr&gt;\n&lt;tr&gt;&lt;th&gt;SERVLET:&lt;/th&gt;&lt;td&gt;Stapler&lt;/td&gt;&lt;/tr&gt;\n&lt;/table&gt;\n&lt;hr&gt;&lt;a href=\&quot;https://eclipse.org/jetty\&quot;&gt;Powe\&quot;[truncated 59 chars]; line: 1, column: 2]&quot;
  } ]
}">
      <![CDATA[com.github.tomakehurst.wiremock.common.JsonException: {
  "errors" : [ {
    "code" : 10,
    "source" : { },
    "title" : "Error parsing JSON",
    "detail" : "Unexpected character ('<' (code 60)): expected a valid value (JSON String, Number, Array, Object or token 'null', 'true' or 'false')\n at [Source: (String)\"<html>\n<head>\n<meta http-equiv=\"Content-Type\" content=\"text/html;charset=utf-8\"/>\n<title>Error 403 No valid crumb was included in the request</title>\n</head>\n<body><h2>HTTP ERROR 403 No valid crumb was included in the request</h2>\n<table>\n<tr><th>URI:</th><td>/__admin/mappings</td></tr>\n<tr><th>STATUS:</th><td>403</td></tr>\n<tr><th>MESSAGE:</th><td>No valid crumb was included in the request</td></tr>\n<tr><th>SERVLET:</th><td>Stapler</td></tr>\n</table>\n<hr><a href=\"https://eclipse.org/jetty\">Powe\"[truncated 59 chars]; line: 1, column: 2]"
  } ]
}
	at com.github.tomakehurst.wiremock.common.JsonException.fromJackson(JsonException.java:53)
	at com.github.tomakehurst.wiremock.common.Json.read(Json.java:60)
	at com.github.tomakehurst.wiremock.client.HttpAdminClient.safelyExecuteRequest(HttpAdminClient.java:502)
	at com.github.tomakehurst.wiremock.client.HttpAdminClient.executeRequest(HttpAdminClient.java:472)
	at com.github.tomakehurst.wiremock.client.HttpAdminClient.executeRequest(HttpAdminClient.java:449)
	at com.github.tomakehurst.wiremock.client.HttpAdminClient.addStubMapping(HttpAdminClient.java:146)
	at com.github.tomakehurst.wiremock.client.WireMock.register(WireMock.java:398)
	at com.github.tomakehurst.wiremock.client.WireMock.register(WireMock.java:393)
	at com.github.tomakehurst.wiremock.client.WireMock.givenThat(WireMock.java:115)
	at com.github.tomakehurst.wiremock.client.WireMock.stubFor(WireMock.java:119)
	at week5day1_Assignment_WireMock.CreateChangeRequest.StubSample(CreateChangeRequest.java:24)
	at sun.reflect.NativeMethodAccessorImpl.invoke0(Native Method)
	at sun.reflect.NativeMethodAccessorImpl.invoke(NativeMethodAccessorImpl.java:62)
	at sun.reflect.DelegatingMethodAccessorImpl.invoke(DelegatingMethodAccessorImpl.java:43)
	at java.lang.reflect.Method.invoke(Method.java:483)
	at org.testng.internal.MethodInvocationHelper.invokeMethod(MethodInvocationHelper.java:85)
	at org.testng.internal.Invoker.invokeConfigurationMethod(Invoker.java:510)
	at org.testng.internal.Invoker.invokeConfigurations(Invoker.java:211)
	at org.testng.internal.Invoker.invokeMethod(Invoker.java:585)
	at org.testng.internal.Invoker.invokeTestMethod(Invoker.java:816)
	at org.testng.internal.Invoker.invokeTestMethods(Invoker.java:1124)
	at org.testng.internal.TestMethodWorker.invokeTestMethods(TestMethodWorker.java:125)
	at org.testng.internal.TestMethodWorker.run(TestMethodWorker.java:108)
	at org.testng.TestRunner.privateRun(TestRunner.java:774)
	at org.testng.TestRunner.run(TestRunner.java:624)
	at org.testng.SuiteRunner.runTest(SuiteRunner.java:359)
	at org.testng.SuiteRunner.runSequentially(SuiteRunner.java:354)
	at org.testng.SuiteRunner.privateRun(SuiteRunner.java:312)
	at org.testng.SuiteRunner.run(SuiteRunner.java:261)
	at org.testng.SuiteRunnerWorker.runSuite(SuiteRunnerWorker.java:52)
	at org.testng.SuiteRunnerWorker.run(SuiteRunnerWorker.java:86)
	at org.testng.TestNG.runSuitesSequentially(TestNG.java:1191)
	at org.testng.TestNG.runSuitesLocally(TestNG.java:1116)
	at org.testng.TestNG.run(TestNG.java:1024)
	at org.testng.remote.AbstractRemoteTestNG.run(AbstractRemoteTestNG.java:114)
	at org.testng.remote.RemoteTestNG.initAndRun(RemoteTestNG.java:251)
	at org.testng.remote.RemoteTestNG.main(RemoteTestNG.java:77)
]]>
    </error>
  </testcase> <!-- CreateChangeRequest -->
</testsuite> <!-- week5day1_Assignment_WireMock.CreateChangeRequest -->
